0 info it worked if it ends with ok
1 verbose cli [ '/home/uqutub/Documents/nodeJS/bin/node',
1 verbose cli   '/usr/bin/npm',
1 verbose cli   'install',
1 verbose cli   '-g',
1 verbose cli   'typescript' ]
2 info using npm@3.7.1
3 info using node@v5.6.0
4 silly loadCurrentTree Starting
5 silly install loadCurrentTree
6 silly install readGlobalPackageData
7 silly fetchPackageMetaData typescript
8 silly fetchNamedPackageData typescript
9 silly mapToRegistry name typescript
10 silly mapToRegistry using default registry
11 silly mapToRegistry registry https://registry.npmjs.org/
12 silly mapToRegistry uri https://registry.npmjs.org/typescript
13 verbose request uri https://registry.npmjs.org/typescript
14 verbose request no auth needed
15 info attempt registry request try #1 at 11:46:34 AM
16 verbose request id 882292ba74dcfc25
17 verbose etag "6K5F8T2THPKPB834PIY2AKHRB"
18 http request GET https://registry.npmjs.org/typescript
19 http 304 https://registry.npmjs.org/typescript
20 verbose headers { date: 'Fri, 04 Mar 2016 06:46:35 GMT',
20 verbose headers   via: '1.1 varnish',
20 verbose headers   'cache-control': 'max-age=300',
20 verbose headers   etag: '"6K5F8T2THPKPB834PIY2AKHRB"',
20 verbose headers   age: '52',
20 verbose headers   connection: 'keep-alive',
20 verbose headers   'x-served-by': 'cache-fra1240-FRA',
20 verbose headers   'x-cache': 'HIT',
20 verbose headers   'x-cache-hits': '1',
20 verbose headers   'x-timer': 'S1457073995.426400,VS0,VE1',
20 verbose headers   vary: 'Accept' }
21 silly get cb [ 304,
21 silly get   { date: 'Fri, 04 Mar 2016 06:46:35 GMT',
21 silly get     via: '1.1 varnish',
21 silly get     'cache-control': 'max-age=300',
21 silly get     etag: '"6K5F8T2THPKPB834PIY2AKHRB"',
21 silly get     age: '52',
21 silly get     connection: 'keep-alive',
21 silly get     'x-served-by': 'cache-fra1240-FRA',
21 silly get     'x-cache': 'HIT',
21 silly get     'x-cache-hits': '1',
21 silly get     'x-timer': 'S1457073995.426400,VS0,VE1',
21 silly get     vary: 'Accept' } ]
22 verbose etag https://registry.npmjs.org/typescript from cache
23 verbose get saving typescript to /home/uqutub/.npm/registry.npmjs.org/typescript/.cache.json
24 verbose correctMkdir /home/uqutub/.npm correctMkdir not in flight; initializing
25 silly install normalizeTree
26 silly loadCurrentTree Finishing
27 silly loadIdealTree Starting
28 silly install loadIdealTree
29 silly cloneCurrentTree Starting
30 silly install cloneCurrentTreeToIdealTree
31 silly cloneCurrentTree Finishing
32 silly loadShrinkwrap Starting
33 silly install loadShrinkwrap
34 silly loadShrinkwrap Finishing
35 silly loadAllDepsIntoIdealTree Starting
36 silly install loadAllDepsIntoIdealTree
37 silly resolveWithNewModule typescript@1.8.7 checking installable status
38 silly cache add args [ 'typescript', null ]
39 verbose cache add spec typescript
40 silly cache add parsed spec Result {
40 silly cache add   raw: 'typescript',
40 silly cache add   scope: null,
40 silly cache add   name: 'typescript',
40 silly cache add   rawSpec: '',
40 silly cache add   spec: 'latest',
40 silly cache add   type: 'tag' }
41 silly addNamed typescript@latest
42 verbose addNamed "latest" is being treated as a dist-tag for typescript
43 info addNameTag [ 'typescript', 'latest' ]
44 silly mapToRegistry name typescript
45 silly mapToRegistry using default registry
46 silly mapToRegistry registry https://registry.npmjs.org/
47 silly mapToRegistry uri https://registry.npmjs.org/typescript
48 verbose addNameTag registry:https://registry.npmjs.org/typescript not in flight; fetching
49 verbose get https://registry.npmjs.org/typescript not expired, no request
50 silly addNameTag next cb for typescript with tag latest
51 silly addNamed typescript@1.8.7
52 verbose addNamed "1.8.7" is a plain semver version for typescript
53 silly cache afterAdd typescript@1.8.7
54 verbose afterAdd /home/uqutub/.npm/typescript/1.8.7/package/package.json not in flight; writing
55 verbose correctMkdir /home/uqutub/.npm correctMkdir not in flight; initializing
56 verbose afterAdd /home/uqutub/.npm/typescript/1.8.7/package/package.json written
57 silly loadAllDepsIntoIdealTree Finishing
58 silly idealTree:prePrune lib
58 silly idealTree:prePrune └── typescript@1.8.7
59 silly loadIdealTree Finishing
60 silly currentTree lib
60 silly currentTree └── typescript@1.7.5
61 silly idealTree lib
61 silly idealTree └── typescript@1.8.7
62 silly generateActionsToTake Starting
63 silly install generateActionsToTake
64 warn checkPermissions Missing write access to /home/uqutub/Documents/nodeJS/lib/node_modules
65 silly rollbackFailedOptional Starting
66 silly rollbackFailedOptional Finishing
67 silly runTopLevelLifecycles Starting
68 silly runTopLevelLifecycles Finishing
69 silly install printInstalled
70 verbose stack Error: EACCES: permission denied, access '/home/uqutub/Documents/nodeJS/lib/node_modules'
70 verbose stack     at Error (native)
71 verbose cwd /home/uqutub/Documents/Docx/Angular2/ng2/08_Reactive_Programming
72 error Linux 4.3.5-300.fc23.x86_64
73 error argv "/home/uqutub/Documents/nodeJS/bin/node" "/usr/bin/npm" "install" "-g" "typescript"
74 error node v5.6.0
75 error npm  v3.7.1
76 error path /home/uqutub/Documents/nodeJS/lib/node_modules
77 error code EACCES
78 error errno -13
79 error syscall access
80 error Error: EACCES: permission denied, access '/home/uqutub/Documents/nodeJS/lib/node_modules'
80 error     at Error (native)
80 error  { [Error: EACCES: permission denied, access '/home/uqutub/Documents/nodeJS/lib/node_modules']
80 error   errno: -13,
80 error   code: 'EACCES',
80 error   syscall: 'access',
80 error   path: '/home/uqutub/Documents/nodeJS/lib/node_modules' }
81 error Please try running this command again as root/Administrator.
82 verbose exit [ -13, true ]
